<?xml version="1.0" encoding="UTF-8"?>
<!-- Generated by org.testng.reporters.JUnitReportReporter -->
<testsuite hostname="TYSS-Manjunath" failures="0" tests="2" name="tests.Patch" time="2.185" errors="0" timestamp="2024-03-07T12:19:53 IST" skipped="0">
  <testcase classname="tests.Patch" name="delete" time="1.600"/>
  <testcase classname="tests.Patch" name="patch" time="0.585"/>
</testsuite> <!-- tests.Patch -->
