<?xml version="1.0" encoding="UTF-8"?>
<!-- Generated by org.testng.reporters.JUnitReportReporter -->
<testsuite hostname="TYSS-Manjunath" failures="0" tests="1" name="tests.TestExample1" time="2.298" errors="0" timestamp="2024-01-31T15:48:57 IST" skipped="0">
  <testcase classname="tests.TestExample1" name="test" time="2.298"/>
</testsuite> <!-- tests.TestExample1 -->
