<?xml version="1.0" encoding="UTF-8"?>
<!-- Generated by org.testng.reporters.JUnitReportReporter -->
<testsuite hostname="TYSS-Manjunath" failures="0" tests="1" name="tests.TestExample" time="2.863" errors="0" timestamp="2024-01-18T15:16:42 IST" skipped="0">
  <testcase classname="tests.TestExample" name="test" time="2.863"/>
</testsuite> <!-- tests.TestExample -->
