<?xml version="1.0" encoding="UTF-8"?>
<!-- Generated by org.testng.reporters.JUnitReportReporter -->
<testsuite hostname="TYSS-Manjunath" failures="0" tests="1" name="tests.PostExample" time="1.793" errors="0" timestamp="2024-01-31T15:53:55 IST" skipped="0">
  <testcase classname="tests.PostExample" name="test" time="1.793"/>
</testsuite> <!-- tests.PostExample -->
